2026-02-28 09:38:18,301 - __main__ - INFO - 
============================================================
2026-02-28 09:38:18,301 - __main__ - INFO - 步骤1: 下载股票数据
2026-02-28 09:38:18,301 - __main__ - INFO - ============================================================
2026-02-28 09:38:18,301 - src.crawler - INFO - 开始获取股票列表...
2026-02-28 09:38:18,351 - src.crawler - ERROR - 获取股票列表失败: ('Connection aborted.', RemoteDisconnected('Remote end closed connection without response'))
2026-02-28 09:38:18,353 - __main__ - ERROR - 获取股票列表失败
2026-02-28 09:51:23,761 - __main__ - INFO - 
============================================================
2026-02-28 09:51:23,761 - __main__ - INFO - 步骤1: 下载股票数据
2026-02-28 09:51:23,762 - __main__ - INFO - ============================================================
2026-02-28 09:51:23,762 - src.crawler - INFO - 开始获取股票列表...
2026-02-28 09:51:23,852 - src.crawler - ERROR - 获取股票列表失败: ('Connection aborted.', RemoteDisconnected('Remote end closed connection without response'))
2026-02-28 09:51:23,854 - __main__ - ERROR - 获取股票列表失败
2026-02-28 09:53:55,353 - src.crawler - INFO - 开始获取股票列表...
2026-02-28 09:53:55,416 - src.crawler - WARNING - 获取股票列表时出错: ('Connection aborted.', RemoteDisconnected('Remote end closed connection without response'))
2026-02-28 09:53:55,471 - src.crawler - WARNING - 获取股票 600000 K线数据时出错: ('Connection aborted.', RemoteDisconnected('Remote end closed connection without response'))
2026-02-28 09:54:10,806 - src.crawler - INFO - 开始获取股票列表...
2026-02-28 09:54:10,859 - src.crawler - WARNING - 获取股票列表时出错: ('Connection aborted.', RemoteDisconnected('Remote end closed connection without response'))
2026-02-28 09:54:10,859 - src.crawler - WARNING - 请求失败，第 1/3 次重试... 错误: ('Connection aborted.', RemoteDisconnected('Remote end closed connection without response'))
2026-02-28 09:54:12,860 - src.crawler - INFO - 开始获取股票列表...
2026-02-28 09:54:12,930 - src.crawler - WARNING - 获取股票列表时出错: ('Connection aborted.', RemoteDisconnected('Remote end closed connection without response'))
2026-02-28 09:54:12,930 - src.crawler - WARNING - 请求失败，第 2/3 次重试... 错误: ('Connection aborted.', RemoteDisconnected('Remote end closed connection without response'))
2026-02-28 09:54:16,931 - src.crawler - INFO - 开始获取股票列表...
2026-02-28 09:54:17,009 - src.crawler - WARNING - 获取股票列表时出错: ('Connection aborted.', RemoteDisconnected('Remote end closed connection without response'))
2026-02-28 09:54:17,009 - src.crawler - ERROR - 请求失败，已达到最大重试次数 3
2026-02-28 09:54:17,064 - src.crawler - WARNING - 获取股票 600000 K线数据时出错: ('Connection aborted.', RemoteDisconnected('Remote end closed connection without response'))
2026-02-28 09:54:17,065 - src.crawler - WARNING - 请求失败，第 1/3 次重试... 错误: ('Connection aborted.', RemoteDisconnected('Remote end closed connection without response'))
2026-02-28 09:54:19,122 - src.crawler - WARNING - 获取股票 600000 K线数据时出错: ('Connection aborted.', RemoteDisconnected('Remote end closed connection without response'))
2026-02-28 09:54:19,122 - src.crawler - WARNING - 请求失败，第 2/3 次重试... 错误: ('Connection aborted.', RemoteDisconnected('Remote end closed connection without response'))
2026-02-28 09:54:23,178 - src.crawler - WARNING - 获取股票 600000 K线数据时出错: ('Connection aborted.', RemoteDisconnected('Remote end closed connection without response'))
2026-02-28 09:54:23,179 - src.crawler - ERROR - 请求失败，已达到最大重试次数 3
2026-02-28 10:11:19,783 - __main__ - INFO - 
============================================================
2026-02-28 10:11:19,784 - __main__ - INFO - 步骤1: 下载股票数据
2026-02-28 10:11:19,784 - __main__ - INFO - ============================================================
2026-02-28 10:11:19,784 - src.crawler - INFO - 开始获取股票列表...
2026-02-28 10:11:19,862 - src.crawler - WARNING - 获取股票列表时出错: ('Connection aborted.', RemoteDisconnected('Remote end closed connection without response'))
2026-02-28 10:11:19,862 - src.crawler - WARNING - 请求失败，第 1/3 次重试... 错误: ('Connection aborted.', RemoteDisconnected('Remote end closed connection without response'))
2026-02-28 10:11:21,863 - src.crawler - INFO - 开始获取股票列表...
2026-02-28 10:11:21,921 - src.crawler - WARNING - 获取股票列表时出错: ('Connection aborted.', RemoteDisconnected('Remote end closed connection without response'))
2026-02-28 10:11:21,922 - src.crawler - WARNING - 请求失败，第 2/3 次重试... 错误: ('Connection aborted.', RemoteDisconnected('Remote end closed connection without response'))
2026-02-28 10:11:25,922 - src.crawler - INFO - 开始获取股票列表...
2026-02-28 10:11:25,997 - src.crawler - WARNING - 获取股票列表时出错: ('Connection aborted.', RemoteDisconnected('Remote end closed connection without response'))
2026-02-28 10:11:25,997 - src.crawler - ERROR - 请求失败，已达到最大重试次数 3
2026-02-28 15:41:58,708 - src.crawler - INFO - 开始获取股票列表...
2026-02-28 15:41:58,826 - src.crawler - WARNING - 获取股票列表时出错: ('Connection aborted.', RemoteDisconnected('Remote end closed connection without response'))
2026-02-28 15:41:58,827 - src.crawler - WARNING - 请求失败，第 1/3 次重试... 错误: ('Connection aborted.', RemoteDisconnected('Remote end closed connection without response'))
2026-02-28 15:42:00,827 - src.crawler - INFO - 开始获取股票列表...
2026-02-28 15:42:00,888 - src.crawler - WARNING - 获取股票列表时出错: ('Connection aborted.', RemoteDisconnected('Remote end closed connection without response'))
2026-02-28 15:42:00,889 - src.crawler - WARNING - 请求失败，第 2/3 次重试... 错误: ('Connection aborted.', RemoteDisconnected('Remote end closed connection without response'))
2026-02-28 15:42:04,889 - src.crawler - INFO - 开始获取股票列表...
2026-02-28 15:42:04,960 - src.crawler - WARNING - 获取股票列表时出错: ('Connection aborted.', RemoteDisconnected('Remote end closed connection without response'))
2026-02-28 15:42:04,961 - src.crawler - ERROR - 请求失败，已达到最大重试次数 3
2026-02-28 15:42:05,026 - src.crawler - WARNING - 获取股票 600000 K线数据时出错: ('Connection aborted.', RemoteDisconnected('Remote end closed connection without response'))
2026-02-28 15:42:05,026 - src.crawler - WARNING - 请求失败，第 1/3 次重试... 错误: ('Connection aborted.', RemoteDisconnected('Remote end closed connection without response'))
2026-02-28 15:42:07,071 - src.crawler - WARNING - 获取股票 600000 K线数据时出错: ('Connection aborted.', RemoteDisconnected('Remote end closed connection without response'))
2026-02-28 15:42:07,071 - src.crawler - WARNING - 请求失败，第 2/3 次重试... 错误: ('Connection aborted.', RemoteDisconnected('Remote end closed connection without response'))
2026-02-28 15:42:11,124 - src.crawler - WARNING - 获取股票 600000 K线数据时出错: ('Connection aborted.', RemoteDisconnected('Remote end closed connection without response'))
2026-02-28 15:42:11,124 - src.crawler - ERROR - 请求失败，已达到最大重试次数 3
2026-02-28 15:42:43,728 - src.crawler - WARNING - 获取股票 600000 K线数据时出错: ('Connection aborted.', RemoteDisconnected('Remote end closed connection without response'))
2026-02-28 15:42:43,728 - src.crawler - WARNING - 请求失败，第 1/3 次重试... 错误: ('Connection aborted.', RemoteDisconnected('Remote end closed connection without response'))
2026-02-28 15:42:45,784 - src.crawler - WARNING - 获取股票 600000 K线数据时出错: ('Connection aborted.', RemoteDisconnected('Remote end closed connection without response'))
2026-02-28 15:42:45,784 - src.crawler - WARNING - 请求失败，第 2/3 次重试... 错误: ('Connection aborted.', RemoteDisconnected('Remote end closed connection without response'))
2026-02-28 15:42:49,852 - src.crawler - WARNING - 获取股票 600000 K线数据时出错: ('Connection aborted.', RemoteDisconnected('Remote end closed connection without response'))
2026-02-28 15:42:49,852 - src.crawler - ERROR - 请求失败，已达到最大重试次数 3
2026-02-28 15:42:54,906 - src.crawler - WARNING - 获取股票 600000 K线数据时出错: ('Connection aborted.', RemoteDisconnected('Remote end closed connection without response'))
2026-02-28 15:42:54,906 - src.crawler - WARNING - 请求失败，第 1/3 次重试... 错误: ('Connection aborted.', RemoteDisconnected('Remote end closed connection without response'))
2026-02-28 15:42:56,965 - src.crawler - WARNING - 获取股票 600000 K线数据时出错: ('Connection aborted.', RemoteDisconnected('Remote end closed connection without response'))
2026-02-28 15:42:56,966 - src.crawler - WARNING - 请求失败，第 2/3 次重试... 错误: ('Connection aborted.', RemoteDisconnected('Remote end closed connection without response'))
2026-02-28 15:43:01,030 - src.crawler - WARNING - 获取股票 600000 K线数据时出错: ('Connection aborted.', RemoteDisconnected('Remote end closed connection without response'))
2026-02-28 15:43:01,030 - src.crawler - ERROR - 请求失败，已达到最大重试次数 3
2026-02-28 15:43:01,087 - src.crawler - WARNING - 获取股票 600001 K线数据时出错: ('Connection aborted.', RemoteDisconnected('Remote end closed connection without response'))
2026-02-28 15:43:01,087 - src.crawler - WARNING - 请求失败，第 1/3 次重试... 错误: ('Connection aborted.', RemoteDisconnected('Remote end closed connection without response'))
2026-02-28 15:43:03,144 - src.crawler - WARNING - 获取股票 600001 K线数据时出错: ('Connection aborted.', RemoteDisconnected('Remote end closed connection without response'))
2026-02-28 15:43:03,144 - src.crawler - WARNING - 请求失败，第 2/3 次重试... 错误: ('Connection aborted.', RemoteDisconnected('Remote end closed connection without response'))
2026-02-28 15:43:07,222 - src.crawler - WARNING - 获取股票 600001 K线数据时出错: ('Connection aborted.', RemoteDisconnected('Remote end closed connection without response'))
2026-02-28 15:43:07,222 - src.crawler - ERROR - 请求失败，已达到最大重试次数 3
2026-02-28 15:43:07,274 - src.crawler - WARNING - 获取股票 600004 K线数据时出错: ('Connection aborted.', RemoteDisconnected('Remote end closed connection without response'))
2026-02-28 15:43:07,274 - src.crawler - WARNING - 请求失败，第 1/3 次重试... 错误: ('Connection aborted.', RemoteDisconnected('Remote end closed connection without response'))
2026-02-28 15:43:10,354 - src.crawler - WARNING - 获取股票 600004 K线数据时出错: ('Connection aborted.', RemoteDisconnected('Remote end closed connection without response'))
2026-02-28 15:43:10,354 - src.crawler - WARNING - 请求失败，第 2/3 次重试... 错误: ('Connection aborted.', RemoteDisconnected('Remote end closed connection without response'))
2026-02-28 15:43:14,412 - src.crawler - WARNING - 获取股票 600004 K线数据时出错: ('Connection aborted.', RemoteDisconnected('Remote end closed connection without response'))
2026-02-28 15:43:14,412 - src.crawler - ERROR - 请求失败，已达到最大重试次数 3
2026-02-28 15:43:14,468 - src.crawler - WARNING - 获取股票 600005 K线数据时出错: ('Connection aborted.', RemoteDisconnected('Remote end closed connection without response'))
2026-02-28 15:43:14,468 - src.crawler - WARNING - 请求失败，第 1/3 次重试... 错误: ('Connection aborted.', RemoteDisconnected('Remote end closed connection without response'))
2026-02-28 15:43:16,525 - src.crawler - WARNING - 获取股票 600005 K线数据时出错: ('Connection aborted.', RemoteDisconnected('Remote end closed connection without response'))
2026-02-28 15:43:16,526 - src.crawler - WARNING - 请求失败，第 2/3 次重试... 错误: ('Connection aborted.', RemoteDisconnected('Remote end closed connection without response'))
2026-02-28 15:43:20,583 - src.crawler - WARNING - 获取股票 600005 K线数据时出错: ('Connection aborted.', RemoteDisconnected('Remote end closed connection without response'))
2026-02-28 15:43:20,583 - src.crawler - ERROR - 请求失败，已达到最大重试次数 3
2026-02-28 15:43:20,643 - src.crawler - WARNING - 获取股票 600006 K线数据时出错: ('Connection aborted.', RemoteDisconnected('Remote end closed connection without response'))
2026-02-28 15:43:20,643 - src.crawler - WARNING - 请求失败，第 1/3 次重试... 错误: ('Connection aborted.', RemoteDisconnected('Remote end closed connection without response'))
2026-02-28 15:43:22,701 - src.crawler - WARNING - 获取股票 600006 K线数据时出错: ('Connection aborted.', RemoteDisconnected('Remote end closed connection without response'))
2026-02-28 15:43:22,701 - src.crawler - WARNING - 请求失败，第 2/3 次重试... 错误: ('Connection aborted.', RemoteDisconnected('Remote end closed connection without response'))
2026-02-28 15:43:26,766 - src.crawler - WARNING - 获取股票 600006 K线数据时出错: ('Connection aborted.', RemoteDisconnected('Remote end closed connection without response'))
2026-02-28 15:43:26,767 - src.crawler - ERROR - 请求失败，已达到最大重试次数 3
2026-02-28 15:54:27,017 - __main__ - INFO - 腾讯财经爬虫初始化成功
2026-02-28 15:54:27,017 - __main__ - INFO - 东方财富爬虫初始化成功
2026-02-28 15:54:27,018 - __main__ - INFO - 尝试使用数据源: tencent
2026-02-28 15:54:27,018 - tencent_crawler - INFO - 开始获取股票 sh600000 K线数据...
2026-02-28 15:54:27,475 - tencent_crawler - INFO - 成功获取股票 sh600000 数据，共 16 天
2026-02-28 15:54:27,475 - __main__ - INFO - ✓ 使用腾讯财经成功获取数据
2026-02-28 15:54:27,481 - __main__ - INFO - 尝试使用数据源获取股票列表: tencent
2026-02-28 15:54:27,481 - tencent_crawler - INFO - 开始获取股票列表...
2026-02-28 15:54:33,246 - tencent_crawler - INFO - 成功获取股票列表，共 10 只
2026-02-28 15:54:33,246 - __main__ - INFO - ✓ 使用腾讯财经成功获取股票列表
2026-02-28 15:54:33,249 - __main__ - INFO - 开始批量获取 3 只股票的数据...
2026-02-28 15:54:33,249 - __main__ - INFO - 尝试使用数据源: tencent
2026-02-28 15:54:33,250 - tencent_crawler - INFO - 开始获取股票 sh600004 K线数据...
2026-02-28 15:54:33,606 - tencent_crawler - INFO - 成功获取股票 sh600004 数据，共 16 天
2026-02-28 15:54:33,607 - __main__ - INFO - ✓ 使用腾讯财经成功获取数据
2026-02-28 15:54:33,607 - __main__ - INFO - 尝试使用数据源: tencent
2026-02-28 15:54:33,608 - tencent_crawler - INFO - 开始获取股票 sh600006 K线数据...
2026-02-28 15:54:34,415 - tencent_crawler - INFO - 成功获取股票 sh600006 数据，共 16 天
2026-02-28 15:54:34,416 - __main__ - INFO - ✓ 使用腾讯财经成功获取数据
2026-02-28 15:54:34,416 - __main__ - INFO - 尝试使用数据源: tencent
2026-02-28 15:54:34,416 - tencent_crawler - INFO - 开始获取股票 sh600007 K线数据...
2026-02-28 15:54:34,886 - tencent_crawler - INFO - 成功获取股票 sh600007 数据，共 16 天
2026-02-28 15:54:34,886 - __main__ - INFO - ✓ 使用腾讯财经成功获取数据
2026-02-28 15:54:34,887 - __main__ - INFO - 批量获取完成: 成功 3, 失败 0
2026-02-28 15:55:17,475 - data_source_manager - INFO - 腾讯财经爬虫初始化成功
2026-02-28 15:55:17,476 - data_source_manager - INFO - 东方财富爬虫初始化成功
2026-02-28 15:55:17,477 - tencent_crawler - INFO - 开始获取股票 sh600000 K线数据...
2026-02-28 15:55:18,141 - tencent_crawler - INFO - 成功获取股票 sh600000 数据，共 16 天
2026-02-28 15:55:18,158 - data_source_manager - WARNING - 模拟数据缺少code列
2026-02-28 15:55:18,160 - data_source_manager - INFO - 尝试使用数据源: tencent
2026-02-28 15:55:18,160 - tencent_crawler - INFO - 开始获取股票 sh600000 K线数据...
2026-02-28 15:55:18,614 - tencent_crawler - INFO - 成功获取股票 sh600000 数据，共 16 天
2026-02-28 15:55:18,614 - data_source_manager - INFO - ✓ 使用腾讯财经成功获取数据
2026-02-28 15:55:18,615 - data_source_manager - INFO - 首选数据源已设置为: mock
2026-02-28 15:55:18,615 - data_source_manager - INFO - 尝试使用数据源: mock
2026-02-28 15:55:18,626 - data_source_manager - WARNING - 模拟数据缺少code列
2026-02-28 15:55:18,627 - data_source_manager - INFO - 尝试使用数据源: tencent
2026-02-28 15:55:18,627 - tencent_crawler - INFO - 开始获取股票 sh600000 K线数据...
2026-02-28 15:55:19,011 - tencent_crawler - INFO - 成功获取股票 sh600000 数据，共 16 天
2026-02-28 15:55:19,012 - data_source_manager - INFO - ✓ 使用腾讯财经成功获取数据
2026-02-28 15:55:19,012 - data_source_manager - INFO - 首选数据源已设置为: tencent
2026-02-28 15:55:19,012 - data_source_manager - INFO - 开始批量获取 5 只股票的数据...
2026-02-28 15:55:19,012 - data_source_manager - INFO - 尝试使用数据源: tencent
2026-02-28 15:55:19,013 - tencent_crawler - INFO - 开始获取股票 sh600000 K线数据...
2026-02-28 15:55:19,953 - tencent_crawler - INFO - 成功获取股票 sh600000 数据，共 16 天
2026-02-28 15:55:19,954 - data_source_manager - INFO - ✓ 使用腾讯财经成功获取数据
2026-02-28 15:55:19,954 - data_source_manager - INFO - 尝试使用数据源: tencent
2026-02-28 15:55:19,954 - tencent_crawler - INFO - 开始获取股票 sh600004 K线数据...
2026-02-28 15:55:20,484 - tencent_crawler - INFO - 成功获取股票 sh600004 数据，共 16 天
2026-02-28 15:55:20,484 - data_source_manager - INFO - ✓ 使用腾讯财经成功获取数据
2026-02-28 15:55:20,485 - data_source_manager - INFO - 尝试使用数据源: tencent
2026-02-28 15:55:20,485 - tencent_crawler - INFO - 开始获取股票 sh600006 K线数据...
2026-02-28 15:55:20,990 - tencent_crawler - INFO - 成功获取股票 sh600006 数据，共 16 天
2026-02-28 15:55:20,990 - data_source_manager - INFO - ✓ 使用腾讯财经成功获取数据
2026-02-28 15:55:20,990 - data_source_manager - INFO - 尝试使用数据源: tencent
2026-02-28 15:55:20,990 - tencent_crawler - INFO - 开始获取股票 sh600007 K线数据...
2026-02-28 15:55:21,401 - tencent_crawler - INFO - 成功获取股票 sh600007 数据，共 16 天
2026-02-28 15:55:21,402 - data_source_manager - INFO - ✓ 使用腾讯财经成功获取数据
2026-02-28 15:55:21,402 - data_source_manager - INFO - 尝试使用数据源: tencent
2026-02-28 15:55:21,402 - tencent_crawler - INFO - 开始获取股票 sh600008 K线数据...
2026-02-28 15:55:21,876 - tencent_crawler - INFO - 成功获取股票 sh600008 数据，共 16 天
2026-02-28 15:55:21,877 - data_source_manager - INFO - ✓ 使用腾讯财经成功获取数据
2026-02-28 15:55:21,877 - data_source_manager - INFO - 批量获取完成: 成功 5, 失败 0
